<?xml version="1.0" encoding="UTF-8"?>
<testsuite xmlns:xsi="http://www.w3.org/2001/XMLSchema-instance" xsi:schemaLocation="https://maven.apache.org/surefire/maven-surefire-plugin/xsd/surefire-test-report.xsd" name="TestSuite" time="294.872" tests="10" errors="0" skipped="0" failures="3">
  <properties>
    <property name="java.runtime.name" value="Java(TM) SE Runtime Environment"/>
    <property name="java.vm.version" value="13.0.1+9"/>
    <property name="sun.boot.library.path" value="C:\Program Files\Java\jdk-13.0.1\bin"/>
    <property name="maven.multiModuleProjectDirectory" value="C:\Users\developer\eclipse-workspace\DataDrivenFramework"/>
    <property name="java.vm.vendor" value="Oracle Corporation"/>
    <property name="java.vendor.url" value="https://java.oracle.com/"/>
    <property name="guice.disable.misplaced.annotation.check" value="true"/>
    <property name="path.separator" value=";"/>
    <property name="java.vm.name" value="Java HotSpot(TM) 64-Bit Server VM"/>
    <property name="sun.os.patch.level" value=""/>
    <property name="user.script" value=""/>
    <property name="user.country" value="US"/>
    <property name="sun.java.launcher" value="SUN_STANDARD"/>
    <property name="java.vm.specification.name" value="Java Virtual Machine Specification"/>
    <property name="user.dir" value="C:\Users\developer\eclipse-workspace\DataDrivenFramework"/>
    <property name="java.vm.compressedOopsMode" value="Zero based"/>
    <property name="java.runtime.version" value="13.0.1+9"/>
    <property name="os.arch" value="amd64"/>
    <property name="java.io.tmpdir" value="C:\Users\DEVELO~1\AppData\Local\Temp\"/>
    <property name="line.separator" value="&#10;"/>
    <property name="java.vm.specification.vendor" value="Oracle Corporation"/>
    <property name="user.variant" value=""/>
    <property name="os.name" value="Windows 10"/>
    <property name="classworlds.conf" value="C:\Users\developer\eclipse-workspace\.metadata\.plugins\org.eclipse.m2e.launching\launches\m2conf15132689645770283207.tmp"/>
    <property name="sun.jnu.encoding" value="Cp1252"/>
    <property name="java.library.path" value="C:\Program Files\Java\jdk-13.0.1\bin;C:\Windows\Sun\Java\bin;C:\Windows\system32;C:\Windows;C:/Program Files/Java/jdk-13.0.1/bin/server;C:/Program Files/Java/jdk-13.0.1/bin;C:\Windows\system32;C:\Windows;C:\Windows\System32\Wbem;C:\Windows\System32\WindowsPowerShell\v1.0\;C:\Windows\System32\OpenSSH\;C:\Program Files (x86)\Intel\Intel(R) Management Engine Components\DAL;C:\Program Files\Intel\Intel(R) Management Engine Components\DAL;C:\Program Files (x86)\NVIDIA Corporation\PhysX\Common;C:\Program Files\Java\jdk-13.0.1\bin;C:\Program Files\Intel\WiFi\bin\;C:\Program Files\Common Files\Intel\WirelessCommon\;C:\Program Files\Microsoft VS Code\bin;C:\Program Files\Git\cmd;C:\Program Files\nodejs\;C:\Users\developer\AppData\Local\Android\Sdk\tools\bin;C:\Users\developer\AppData\Local\Android\Sdk\tools;C:\Users\developer\AppData\Local\Android\Sdk\platform-tools;C:\apache-maven-3.6.3-bin\apache-maven-3.6.3\bin;C:\apache-maven-3.6.3-bin\apache-maven-3.6.3;C:\apache-maven-3.6.3-bin\apache-maven-3.6.3\bin;C:\Program Files\Java\jdk-13.0.1\lib;C:\Program Files\Java\jdk-13.0.1;C:\Users\developer\AppData\Local\Microsoft\WindowsApps;C:\Users\developer\AppData\Roaming\npm;C:\Windows\system32;;."/>
    <property name="jdk.debug" value="release"/>
    <property name="java.class.version" value="57.0"/>
    <property name="java.specification.name" value="Java Platform API Specification"/>
    <property name="sun.management.compiler" value="HotSpot 64-Bit Tiered Compilers"/>
    <property name="os.version" value="10.0"/>
    <property name="user.home" value="C:\Users\developer"/>
    <property name="user.timezone" value="Africa/Lagos"/>
    <property name="file.encoding" value="Cp1252"/>
    <property name="java.specification.version" value="13"/>
    <property name="user.name" value="developer"/>
    <property name="java.class.path" value="C:\Users\developer\.p2\pool\plugins\org.eclipse.m2e.maven.runtime_1.13.0.20190716-1623\jars\plexus-classworlds-2.6.0.jar"/>
    <property name="java.vm.specification.version" value="13"/>
    <property name="sun.arch.data.model" value="64"/>
    <property name="sun.java.command" value="org.codehaus.plexus.classworlds.launcher.Launcher -B test"/>
    <property name="java.home" value="C:\Program Files\Java\jdk-13.0.1"/>
    <property name="user.language" value="en"/>
    <property name="java.specification.vendor" value="Oracle Corporation"/>
    <property name="java.vm.info" value="mixed mode, sharing"/>
    <property name="java.version" value="13.0.1"/>
    <property name="java.vendor" value="Oracle Corporation"/>
    <property name="maven.home" value="C:\Users\developer\eclipse-workspace\DataDrivenFramework\EMBEDDED"/>
    <property name="file.separator" value="\"/>
    <property name="java.version.date" value="2019-10-15"/>
    <property name="java.vendor.url.bug" value="https://bugreport.java.com/bugreport/"/>
    <property name="sun.io.unicode.encoding" value="UnicodeLittle"/>
    <property name="sun.cpu.endian" value="little"/>
    <property name="sun.cpu.isalist" value="amd64"/>
  </properties>
  <testcase name="checkHeaderLinks" classname="com.gigm.testcases.ValidateHeaderLinks" time="52.335"/>
  <testcase name="FooterlinksCheck" classname="com.gigm.testcases.ValidateHeaderLinks" time="14.999"/>
  <testcase name="Login" classname="com.gigm.testcases.ValidateLogin" time="2.154">
    <failure type="java.lang.NullPointerException">java.lang.NullPointerException
	at com.gigm.testcases.ValidateLogin.Login(ValidateLogin.java:35)
</failure>
    <system-err><![CDATA[Starting ChromeDriver 78.0.3904.11 (eaaae9de6b8999773fa33f92ce1e1bbe294437cf-refs/branch-heads/3904@{#86}) on port 22012
Only local connections are allowed.
Please protect ports used by ChromeDriver and related test frameworks to prevent access by malicious code.
[1578581397.020][WARNING]: This version of ChromeDriver has not been tested with Chrome version 79.
Jan 09, 2020 3:49:58 PM org.openqa.selenium.remote.ProtocolHandshake createSession
INFO: Detected dialect: W3C
]]></system-err>
  </testcase>
  <testcase name="Login" classname="com.gigm.testcases.ValidateLogin" time="8.11">
    <failure message="element click intercepted: Element &lt;a href=&quot;#&quot; id=&quot;lmodal&quot;&gt;...&lt;/a&gt; is not clickable at point (1423, 30). Other element would receive the click: &lt;div id=&quot;myLogin&quot; class=&quot;Mymodal&quot; tabindex=&quot;-1&quot; role=&quot;dialog&quot; aria-labelledby=&quot;myModalLabel&quot; aria-hidden=&quot;true&quot; style=&quot;display: block;&quot;&gt;...&lt;/div&gt;&#10;  (Session info: chrome=79.0.3945.88)&#10;Build info: version: &apos;3.141.59&apos;, revision: &apos;e82be7d358&apos;, time: &apos;2018-11-14T08:17:03&apos;&#10;System info: host: &apos;QA-SYSTEM&apos;, ip: &apos;192.168.137.1&apos;, os.name: &apos;Windows 10&apos;, os.arch: &apos;amd64&apos;, os.version: &apos;10.0&apos;, java.version: &apos;13.0.1&apos;&#10;Driver info: org.openqa.selenium.chrome.ChromeDriver&#10;Capabilities {acceptInsecureCerts: false, browserName: chrome, browserVersion: 79.0.3945.88, chrome: {chromedriverVersion: 78.0.3904.11 (eaaae9de6b899..., userDataDir: C:\Users\DEVELO~1\AppData\L...}, goog:chromeOptions: {debuggerAddress: localhost:55062}, javascriptEnabled: true, networkConnectionEnabled: false, pageLoadStrategy: normal, platform: XP, platformName: XP, proxy: Proxy(), setWindowRect: true, strictFileInteractability: false, timeouts: {implicit: 0, pageLoad: 300000, script: 30000}, unhandledPromptBehavior: dismiss and notify}&#10;Session ID: fbdd0b7a0f9fc90b99ae7ac29ffc2eed" type="org.openqa.selenium.ElementClickInterceptedException"><![CDATA[org.openqa.selenium.ElementClickInterceptedException: 
element click intercepted: Element <a href="#" id="lmodal">...</a> is not clickable at point (1423, 30). Other element would receive the click: <div id="myLogin" class="Mymodal" tabindex="-1" role="dialog" aria-labelledby="myModalLabel" aria-hidden="true" style="display: block;">...</div>
  (Session info: chrome=79.0.3945.88)
Build info: version: '3.141.59', revision: 'e82be7d358', time: '2018-11-14T08:17:03'
System info: host: 'QA-SYSTEM', ip: '192.168.137.1', os.name: 'Windows 10', os.arch: 'amd64', os.version: '10.0', java.version: '13.0.1'
Driver info: org.openqa.selenium.chrome.ChromeDriver
Capabilities {acceptInsecureCerts: false, browserName: chrome, browserVersion: 79.0.3945.88, chrome: {chromedriverVersion: 78.0.3904.11 (eaaae9de6b899..., userDataDir: C:\Users\DEVELO~1\AppData\L...}, goog:chromeOptions: {debuggerAddress: localhost:55062}, javascriptEnabled: true, networkConnectionEnabled: false, pageLoadStrategy: normal, platform: XP, platformName: XP, proxy: Proxy(), setWindowRect: true, strictFileInteractability: false, timeouts: {implicit: 0, pageLoad: 300000, script: 30000}, unhandledPromptBehavior: dismiss and notify}
Session ID: fbdd0b7a0f9fc90b99ae7ac29ffc2eed
	at com.gigm.testcases.ValidateLogin.Login(ValidateLogin.java:34)
]]></failure>
    <system-out><![CDATA[Nsukka Ads is not displayed null
the reason is element not interactable
  (Session info: chrome=79.0.3945.88)
Build info: version: '3.141.59', revision: 'e82be7d358', time: '2018-11-14T08:17:03'
System info: host: 'QA-SYSTEM', ip: '192.168.137.1', os.name: 'Windows 10', os.arch: 'amd64', os.version: '10.0', java.version: '13.0.1'
Driver info: org.openqa.selenium.chrome.ChromeDriver
Capabilities {acceptInsecureCerts: false, browserName: chrome, browserVersion: 79.0.3945.88, chrome: {chromedriverVersion: 78.0.3904.11 (eaaae9de6b899..., userDataDir: C:\Users\DEVELO~1\AppData\L...}, goog:chromeOptions: {debuggerAddress: localhost:55062}, javascriptEnabled: true, networkConnectionEnabled: false, pageLoadStrategy: normal, platform: XP, platformName: XP, proxy: Proxy(), setWindowRect: true, strictFileInteractability: false, timeouts: {implicit: 0, pageLoad: 300000, script: 30000}, unhandledPromptBehavior: dismiss and notify}
Session ID: fbdd0b7a0f9fc90b99ae7ac29ffc2eed
]]></system-out>
  </testcase>
  <testcase name="Login" classname="com.gigm.testcases.ValidateLogin" time="8.082">
    <failure message="element click intercepted: Element &lt;a href=&quot;#&quot; id=&quot;lmodal&quot;&gt;...&lt;/a&gt; is not clickable at point (1423, 30). Other element would receive the click: &lt;div id=&quot;myLogin&quot; class=&quot;Mymodal&quot; tabindex=&quot;-1&quot; role=&quot;dialog&quot; aria-labelledby=&quot;myModalLabel&quot; aria-hidden=&quot;true&quot; style=&quot;display: block;&quot;&gt;...&lt;/div&gt;&#10;  (Session info: chrome=79.0.3945.88)&#10;Build info: version: &apos;3.141.59&apos;, revision: &apos;e82be7d358&apos;, time: &apos;2018-11-14T08:17:03&apos;&#10;System info: host: &apos;QA-SYSTEM&apos;, ip: &apos;192.168.137.1&apos;, os.name: &apos;Windows 10&apos;, os.arch: &apos;amd64&apos;, os.version: &apos;10.0&apos;, java.version: &apos;13.0.1&apos;&#10;Driver info: org.openqa.selenium.chrome.ChromeDriver&#10;Capabilities {acceptInsecureCerts: false, browserName: chrome, browserVersion: 79.0.3945.88, chrome: {chromedriverVersion: 78.0.3904.11 (eaaae9de6b899..., userDataDir: C:\Users\DEVELO~1\AppData\L...}, goog:chromeOptions: {debuggerAddress: localhost:55062}, javascriptEnabled: true, networkConnectionEnabled: false, pageLoadStrategy: normal, platform: XP, platformName: XP, proxy: Proxy(), setWindowRect: true, strictFileInteractability: false, timeouts: {implicit: 0, pageLoad: 300000, script: 30000}, unhandledPromptBehavior: dismiss and notify}&#10;Session ID: fbdd0b7a0f9fc90b99ae7ac29ffc2eed" type="org.openqa.selenium.ElementClickInterceptedException"><![CDATA[org.openqa.selenium.ElementClickInterceptedException: 
element click intercepted: Element <a href="#" id="lmodal">...</a> is not clickable at point (1423, 30). Other element would receive the click: <div id="myLogin" class="Mymodal" tabindex="-1" role="dialog" aria-labelledby="myModalLabel" aria-hidden="true" style="display: block;">...</div>
  (Session info: chrome=79.0.3945.88)
Build info: version: '3.141.59', revision: 'e82be7d358', time: '2018-11-14T08:17:03'
System info: host: 'QA-SYSTEM', ip: '192.168.137.1', os.name: 'Windows 10', os.arch: 'amd64', os.version: '10.0', java.version: '13.0.1'
Driver info: org.openqa.selenium.chrome.ChromeDriver
Capabilities {acceptInsecureCerts: false, browserName: chrome, browserVersion: 79.0.3945.88, chrome: {chromedriverVersion: 78.0.3904.11 (eaaae9de6b899..., userDataDir: C:\Users\DEVELO~1\AppData\L...}, goog:chromeOptions: {debuggerAddress: localhost:55062}, javascriptEnabled: true, networkConnectionEnabled: false, pageLoadStrategy: normal, platform: XP, platformName: XP, proxy: Proxy(), setWindowRect: true, strictFileInteractability: false, timeouts: {implicit: 0, pageLoad: 300000, script: 30000}, unhandledPromptBehavior: dismiss and notify}
Session ID: fbdd0b7a0f9fc90b99ae7ac29ffc2eed
	at com.gigm.testcases.ValidateLogin.Login(ValidateLogin.java:34)
]]></failure>
    <system-out><![CDATA[Nsukka Ads is not displayed null
the reason is element not interactable
  (Session info: chrome=79.0.3945.88)
Build info: version: '3.141.59', revision: 'e82be7d358', time: '2018-11-14T08:17:03'
System info: host: 'QA-SYSTEM', ip: '192.168.137.1', os.name: 'Windows 10', os.arch: 'amd64', os.version: '10.0', java.version: '13.0.1'
Driver info: org.openqa.selenium.chrome.ChromeDriver
Capabilities {acceptInsecureCerts: false, browserName: chrome, browserVersion: 79.0.3945.88, chrome: {chromedriverVersion: 78.0.3904.11 (eaaae9de6b899..., userDataDir: C:\Users\DEVELO~1\AppData\L...}, goog:chromeOptions: {debuggerAddress: localhost:55062}, javascriptEnabled: true, networkConnectionEnabled: false, pageLoadStrategy: normal, platform: XP, platformName: XP, proxy: Proxy(), setWindowRect: true, strictFileInteractability: false, timeouts: {implicit: 0, pageLoad: 300000, script: 30000}, unhandledPromptBehavior: dismiss and notify}
Session ID: fbdd0b7a0f9fc90b99ae7ac29ffc2eed
]]></system-out>
  </testcase>
  <testcase name="signUp" classname="com.gigm.testcases.ValidateSignUp" time="13.883"/>
  <testcase name="signUp" classname="com.gigm.testcases.ValidateSignUp" time="9.04"/>
  <testcase name="signUp" classname="com.gigm.testcases.ValidateSignUp" time="7.884"/>
  <testcase name="CheckAmbassador" classname="com.gigm.testcases.ValidateAmbassador" time="20.061"/>
  <testcase name="bookAticket" classname="com.gigm.testcases.ValidateBooking" time="46.957"/>
</testsuite>